Flow report for DE2botFall2011
Sun Dec 11 15:12:35 2011
Quartus II Version 9.1 Build 350 03/24/2010 Service Pack 2 SJ Web Edition


---------------------
; Table of Contents ;
---------------------
  1. Legal Notice
  2. Flow Summary
  3. Flow Settings
  4. Flow Non-Default Global Settings
  5. Flow Elapsed Time
  6. Flow OS Summary
  7. Flow Log



----------------
; Legal Notice ;
----------------
Copyright (C) 1991-2010 Altera Corporation
Your use of Altera Corporation's design tools, logic functions 
and other software and tools, and its AMPP partner logic 
functions, and any output files from any of the foregoing 
(including device programming or simulation files), and any 
associated documentation or information are expressly subject 
to the terms and conditions of the Altera Program License 
Subscription Agreement, Altera MegaCore Function License 
Agreement, or other applicable license agreement, including, 
without limitation, that your use is for the sole purpose of 
programming logic devices manufactured by Altera and sold by 
Altera or its authorized distributors.  Please refer to the 
applicable agreement for further details.



+-----------------------------------------------------------------------------------+
; Flow Summary                                                                      ;
+------------------------------------+----------------------------------------------+
; Flow Status                        ; Successful - Sun Dec 11 15:12:32 2011        ;
; Quartus II Version                 ; 9.1 Build 350 03/24/2010 SP 2 SJ Web Edition ;
; Revision Name                      ; DE2botFall2011                               ;
; Top-level Entity Name              ; DE2bot                                       ;
; Family                             ; Cyclone II                                   ;
; Device                             ; EP2C35F672C6                                 ;
; Timing Models                      ; Final                                        ;
; Met timing requirements            ; No                                           ;
; Total logic elements               ; 2,903 / 33,216 ( 9 % )                       ;
;     Total combinational functions  ; 2,738 / 33,216 ( 8 % )                       ;
;     Dedicated logic registers      ; 1,033 / 33,216 ( 3 % )                       ;
; Total registers                    ; 1033                                         ;
; Total pins                         ; 146 / 475 ( 31 % )                           ;
; Total virtual pins                 ; 0                                            ;
; Total memory bits                  ; 16,384 / 483,840 ( 3 % )                     ;
; Embedded Multiplier 9-bit elements ; 2 / 70 ( 3 % )                               ;
; Total PLLs                         ; 1 / 4 ( 25 % )                               ;
+------------------------------------+----------------------------------------------+


+-----------------------------------------+
; Flow Settings                           ;
+-------------------+---------------------+
; Option            ; Setting             ;
+-------------------+---------------------+
; Start date & time ; 12/11/2011 15:07:41 ;
; Main task         ; Compilation         ;
; Revision Name     ; DE2botFall2011      ;
+-------------------+---------------------+


+---------------------------------------------------------------------------------------------------------------------------------------------------------------------------------------------+
; Flow Non-Default Global Settings                                                                                                                                                            ;
+------------------------------------+--------------------------------------------------------------------------------------------------------+----------------+-------------+----------------+
; Assignment Name                    ; Value                                                                                                  ; Default Value  ; Entity Name ; Section Id     ;
+------------------------------------+--------------------------------------------------------------------------------------------------------+----------------+-------------+----------------+
; COMPILER_SIGNATURE_ID              ; 141738508945.132363406006736                                                                           ; --             ; --          ; --             ;
; IP_TOOL_NAME                       ; LPM_BUSTRI                                                                                             ; --             ; --          ; --             ;
; IP_TOOL_VERSION                    ; 9.0                                                                                                    ; --             ; --          ; --             ;
; MAX_CORE_JUNCTION_TEMP             ; 85                                                                                                     ; --             ; --          ; --             ;
; MIN_CORE_JUNCTION_TEMP             ; 0                                                                                                      ; --             ; --          ; --             ;
; MISC_FILE                          ; C:/Documents and Settings/tc3/My Documents/DigitalDesignLab/DesignFiles/DE2Amigobot/DE2botFall2010.dpf ; --             ; --          ; --             ;
; MISC_FILE                          ; C:/Users/tc3/Documents/DigitalDesignLab/DesignFiles/DE2AmigobotFall2011/DE2botFall2011.dpf             ; --             ; --          ; --             ;
; MISC_FILE                          ; lpm_bustri0.bsf                                                                                        ; --             ; --          ; --             ;
; MISC_FILE                          ; lpm_bustri0.cmp                                                                                        ; --             ; --          ; --             ;
; PARTITION_COLOR                    ; 16764057                                                                                               ; --             ; DE2bot      ; Top            ;
; PARTITION_NETLIST_TYPE             ; SOURCE                                                                                                 ; --             ; DE2bot      ; Top            ;
; SMART_RECOMPILE                    ; On                                                                                                     ; Off            ; --          ; --             ;
; TOP_LEVEL_ENTITY                   ; DE2bot                                                                                                 ; DE2botFall2011 ; --          ; --             ;
; USE_GENERATED_PHYSICAL_CONSTRAINTS ; Off                                                                                                    ; --             ; --          ; eda_blast_fpga ;
+------------------------------------+--------------------------------------------------------------------------------------------------------+----------------+-------------+----------------+


+-----------------------------------------------------------------------------------------------------------------------------+
; Flow Elapsed Time                                                                                                           ;
+-------------------------+--------------+-------------------------+---------------------+------------------------------------+
; Module Name             ; Elapsed Time ; Average Processors Used ; Peak Virtual Memory ; Total CPU Time (on all processors) ;
+-------------------------+--------------+-------------------------+---------------------+------------------------------------+
; Analysis & Synthesis    ; 00:01:43     ; 1.0                     ; 277 MB              ; 00:01:28                           ;
; Fitter                  ; 00:02:28     ; 1.0                     ; 309 MB              ; 00:02:24                           ;
; Assembler               ; 00:00:14     ; 1.0                     ; 262 MB              ; 00:00:11                           ;
; Classic Timing Analyzer ; 00:00:04     ; 1.0                     ; 183 MB              ; 00:00:07                           ;
; Total                   ; 00:04:29     ; --                      ; --                  ; 00:04:10                           ;
+-------------------------+--------------+-------------------------+---------------------+------------------------------------+


+------------------------------------------------------------------------------------------+
; Flow OS Summary                                                                          ;
+-------------------------+------------------+---------------+------------+----------------+
; Module Name             ; Machine Hostname ; OS Name       ; OS Version ; Processor type ;
+-------------------------+------------------+---------------+------------+----------------+
; Analysis & Synthesis    ; Anya-PC          ; Windows Vista ; 6.1        ; x86_64         ;
; Fitter                  ; Anya-PC          ; Windows Vista ; 6.1        ; x86_64         ;
; Assembler               ; Anya-PC          ; Windows Vista ; 6.1        ; x86_64         ;
; Classic Timing Analyzer ; Anya-PC          ; Windows Vista ; 6.1        ; x86_64         ;
+-------------------------+------------------+---------------+------------+----------------+


------------
; Flow Log ;
------------
quartus_map --read_settings_files=on --write_settings_files=off DE2bot -c DE2botFall2011
quartus_fit --read_settings_files=off --write_settings_files=off DE2bot -c DE2botFall2011
quartus_asm --read_settings_files=off --write_settings_files=off DE2bot -c DE2botFall2011
quartus_tan --read_settings_files=off --write_settings_files=off DE2bot -c DE2botFall2011 --timing_analysis_only



