This is pdfTeX, Version 3.1415926-2.3-1.40.12 (TeX Live 2011) (format=pdflatex 2011.10.5)  11 DEC 2011 08:32
entering extended mode
 \write18 enabled.
 %&-line parsing enabled.
**techn_appr.tex
(./techn_appr.tex
LaTeX2e <2011/06/27>
Babel <v3.8m> and hyphenation patterns for english, dumylang, nohyphenation, ge
rman-x-2011-07-01, ngerman-x-2011-07-01, afrikaans, ancientgreek, ibycus, arabi
c, armenian, basque, bulgarian, catalan, pinyin, coptic, croatian, czech, danis
h, dutch, esperanto, estonian, ethiopic, farsi, finnish, french, galician, germ
an, ngerman, swissgerman, monogreek, greek, hungarian, icelandic, assamese, ben
gali, gujarati, hindi, kannada, malayalam, marathi, oriya, panjabi, tamil, telu
gu, indonesian, interlingua, irish, italian, kurmanji, lao, latin, latvian, lit
huanian, mongolian, mongolianlmc, bokmal, nynorsk, polish, portuguese, romanian
, russian, sanskrit, serbian, serbianc, slovak, slovenian, spanish, swedish, tu
rkish, ukrainian, uppersorbian, welsh, loaded.
! Undefined control sequence.
l.1 \section
            {Technical Approach}
? 
! Emergency stop.
l.1 \section
            {Technical Approach}
End of file on the terminal!

 
Here is how much of TeX's memory you used:
 5 strings out of 493679
 138 string characters out of 3144899
 49202 words of memory out of 3000000
 3401 multiletter control sequences out of 15000+200000
 3640 words of font info for 14 fonts, out of 3000000 for 9000
 809 hyphenation exceptions out of 8191
 5i,0n,1p,45b,8s stack positions out of 5000i,500n,10000p,200000b,50000s
!  ==> Fatal error occurred, no output PDF file produced!
